<?xml version="1.0" encoding="UTF-8"?>
<!-- Generated by org.testng.reporters.JUnitReportReporter -->
<testsuite hostname="BAN-REN-KAMESH" failures="0" tests="1" name="com.Selenium.ex" time="89.390" errors="0" timestamp="2023-11-22T17:41:01 IST" skipped="0">
  <testcase classname="com.Selenium.ex" name="exp" time="89.390"/>
</testsuite> <!-- com.Selenium.ex -->
