<?xml version="1.0" encoding="UTF-8"?>
<!-- Generated by org.testng.reporters.JUnitReportReporter -->
<testsuite hostname="BAN-REN-KAMESH" failures="0" tests="1" name="com.Selenium.Keka" time="62.791" errors="0" timestamp="2023-11-22T17:45:08 IST" skipped="0">
  <testcase classname="com.Selenium.Keka" name="exp" time="62.791"/>
</testsuite> <!-- com.Selenium.Keka -->
